 
****************************************
Report : area
Design : lenet
Version: R-2020.09
Date   : Sun May  7 12:03:47 2023
****************************************

Library(s) Used:

    slow_vdd1v2 (File: /theda21_2/library/GPDK045/cur/gsclib045/db/slow_vdd1v2_basicCells.db)

Number of ports:                        36734
Number of nets:                        347282
Number of cells:                       293990
Number of combinational cells:         285716
Number of sequential cells:              7726
Number of macros/black boxes:               0
Number of buf/inv:                      38661
Number of references:                      38

Combinational area:             560604.360506
Buf/Inv area:                    36291.672810
Noncombinational area:           61403.365370
Macro/Black Box area:                0.000000
Net Interconnect area:      undefined  (No wire load specified)

Total cell area:                622007.725876
Total area:                 undefined

Hierarchical area distribution
------------------------------

                                  Global cell area              Local cell area
                                  --------------------  ------------------------------- 
Hierarchical cell                 Absolute     Percent  Combi-       Noncombi-   Black-
                                  Total        Total    national     national    boxes   Design
--------------------------------  -----------  -------  -----------  ----------  ------  --------------------------------------------
lenet                             622007.7259    100.0     911.7720   3405.9781  0.0000  lenet
c1                                 43677.8470      7.0    3017.4661   4846.8241  0.0000  conv1
c1/add_103                            25.9920      0.0      25.9920      0.0000  0.0000  conv1_DW01_inc_1_DW01_inc_17
c1/add_201                            25.9920      0.0      25.9920      0.0000  0.0000  conv1_DW01_inc_0_DW01_inc_16
c1/add_368                           282.4920      0.0     282.4920      0.0000  0.0000  conv1_DW01_add_27
c1/add_368_I2                        282.4920      0.0     282.4920      0.0000  0.0000  conv1_DW01_add_31
c1/add_368_I2_I1                     282.4920      0.0     282.4920      0.0000  0.0000  conv1_DW01_add_28
c1/add_368_I2_I2                     282.4920      0.0     282.4920      0.0000  0.0000  conv1_DW01_add_32
c1/add_368_I3_I1                     282.4920      0.0     282.4920      0.0000  0.0000  conv1_DW01_add_29
c1/add_368_I3_I2                     282.4920      0.0     282.4920      0.0000  0.0000  conv1_DW01_add_33
c1/add_368_I4_I1                     282.4920      0.0     282.4920      0.0000  0.0000  conv1_DW01_add_30
c1/add_368_I4_I2                     282.4920      0.0     282.4920      0.0000  0.0000  conv1_DW01_add_34
c1/inpro8_2                        20936.8985      3.4      23.2560      0.0000  0.0000  innerproduct8_2
c1/inpro8_2/add_0_root_add_49_4      147.4020      0.0     147.4020      0.0000  0.0000  innerproduct8_2_DW01_add_67
c1/inpro8_2/add_0_root_add_50_4      147.4020      0.0     147.4020      0.0000  0.0000  innerproduct8_2_DW01_add_71
c1/inpro8_2/add_0_root_add_51_4      147.4020      0.0     147.4020      0.0000  0.0000  innerproduct8_2_DW01_add_75
c1/inpro8_2/add_0_root_add_52_4      147.4020      0.0     147.4020      0.0000  0.0000  innerproduct8_2_DW01_add_79
c1/inpro8_2/add_0_root_add_53_4      147.4020      0.0     147.4020      0.0000  0.0000  innerproduct8_2_DW01_add_83
c1/inpro8_2/add_0_root_add_54_4      147.4020      0.0     147.4020      0.0000  0.0000  innerproduct8_2_DW01_add_87
c1/inpro8_2/add_0_root_add_55_4      147.4020      0.0     147.4020      0.0000  0.0000  innerproduct8_2_DW01_add_91
c1/inpro8_2/add_0_root_add_56_4      147.4020      0.0     147.4020      0.0000  0.0000  innerproduct8_2_DW01_add_95
c1/inpro8_2/add_1_root_add_49_4      133.7220      0.0     133.7220      0.0000  0.0000  innerproduct8_2_DW01_add_66
c1/inpro8_2/add_1_root_add_50_4      133.7220      0.0     133.7220      0.0000  0.0000  innerproduct8_2_DW01_add_70
c1/inpro8_2/add_1_root_add_51_4      133.7220      0.0     133.7220      0.0000  0.0000  innerproduct8_2_DW01_add_74
c1/inpro8_2/add_1_root_add_52_4      133.7220      0.0     133.7220      0.0000  0.0000  innerproduct8_2_DW01_add_78
c1/inpro8_2/add_1_root_add_53_4      133.7220      0.0     133.7220      0.0000  0.0000  innerproduct8_2_DW01_add_82
c1/inpro8_2/add_1_root_add_54_4      133.7220      0.0     133.7220      0.0000  0.0000  innerproduct8_2_DW01_add_86
c1/inpro8_2/add_1_root_add_55_4      133.7220      0.0     133.7220      0.0000  0.0000  innerproduct8_2_DW01_add_90
c1/inpro8_2/add_1_root_add_56_4      133.7220      0.0     133.7220      0.0000  0.0000  innerproduct8_2_DW01_add_94
c1/inpro8_2/add_2_root_add_49_4      124.1460      0.0     124.1460      0.0000  0.0000  innerproduct8_2_DW01_add_64
c1/inpro8_2/add_2_root_add_50_4      123.8040      0.0     123.8040      0.0000  0.0000  innerproduct8_2_DW01_add_68
c1/inpro8_2/add_2_root_add_51_4      120.0420      0.0     120.0420      0.0000  0.0000  innerproduct8_2_DW01_add_72
c1/inpro8_2/add_2_root_add_52_4      120.0420      0.0     120.0420      0.0000  0.0000  innerproduct8_2_DW01_add_76
c1/inpro8_2/add_2_root_add_53_4      130.6440      0.0     130.6440      0.0000  0.0000  innerproduct8_2_DW01_add_80
c1/inpro8_2/add_2_root_add_54_4      123.1200      0.0     123.1200      0.0000  0.0000  innerproduct8_2_DW01_add_84
c1/inpro8_2/add_2_root_add_55_4      120.0420      0.0     120.0420      0.0000  0.0000  innerproduct8_2_DW01_add_88
c1/inpro8_2/add_2_root_add_56_4      120.0420      0.0     120.0420      0.0000  0.0000  innerproduct8_2_DW01_add_92
c1/inpro8_2/add_3_root_add_49_4      132.6960      0.0     132.6960      0.0000  0.0000  innerproduct8_2_DW01_add_65
c1/inpro8_2/add_3_root_add_50_4      132.6960      0.0     132.6960      0.0000  0.0000  innerproduct8_2_DW01_add_69
c1/inpro8_2/add_3_root_add_51_4      132.6960      0.0     132.6960      0.0000  0.0000  innerproduct8_2_DW01_add_73
c1/inpro8_2/add_3_root_add_52_4      132.6960      0.0     132.6960      0.0000  0.0000  innerproduct8_2_DW01_add_77
c1/inpro8_2/add_3_root_add_53_4      132.6960      0.0     132.6960      0.0000  0.0000  innerproduct8_2_DW01_add_81
c1/inpro8_2/add_3_root_add_54_4      132.6960      0.0     132.6960      0.0000  0.0000  innerproduct8_2_DW01_add_85
c1/inpro8_2/add_3_root_add_55_4      132.6960      0.0     132.6960      0.0000  0.0000  innerproduct8_2_DW01_add_89
c1/inpro8_2/add_3_root_add_56_4      132.6960      0.0     132.6960      0.0000  0.0000  innerproduct8_2_DW01_add_93
c1/inpro8_2/mult_49                  424.4220      0.1     424.4220      0.0000  0.0000  innerproduct8_2_DW_mult_tc_48
c1/inpro8_2/mult_49_2                425.1060      0.1     425.1060      0.0000  0.0000  innerproduct8_2_DW_mult_tc_52
c1/inpro8_2/mult_49_3                395.6940      0.1     395.6940      0.0000  0.0000  innerproduct8_2_DW_mult_tc_80
c1/inpro8_2/mult_49_4                399.1140      0.1     399.1140      0.0000  0.0000  innerproduct8_2_DW_mult_tc_81
c1/inpro8_2/mult_49_5                404.9280      0.1     404.9280      0.0000  0.0000  innerproduct8_2_DW_mult_tc_82
c1/inpro8_2/mult_50                  426.1320      0.1     426.1320      0.0000  0.0000  innerproduct8_2_DW_mult_tc_49
c1/inpro8_2/mult_50_2                426.8160      0.1     426.8160      0.0000  0.0000  innerproduct8_2_DW_mult_tc_53
c1/inpro8_2/mult_50_3                404.5860      0.1     404.5860      0.0000  0.0000  innerproduct8_2_DW_mult_tc_85
c1/inpro8_2/mult_50_4                411.7680      0.1     411.7680      0.0000  0.0000  innerproduct8_2_DW_mult_tc_86
c1/inpro8_2/mult_50_5                410.4000      0.1     410.4000      0.0000  0.0000  innerproduct8_2_DW_mult_tc_87
c1/inpro8_2/mult_51                  426.1320      0.1     426.1320      0.0000  0.0000  innerproduct8_2_DW_mult_tc_50
c1/inpro8_2/mult_51_2                426.8160      0.1     426.8160      0.0000  0.0000  innerproduct8_2_DW_mult_tc_54
c1/inpro8_2/mult_51_3                411.7680      0.1     411.7680      0.0000  0.0000  innerproduct8_2_DW_mult_tc_90
c1/inpro8_2/mult_51_4                411.7680      0.1     411.7680      0.0000  0.0000  innerproduct8_2_DW_mult_tc_91
c1/inpro8_2/mult_51_5                410.4000      0.1     410.4000      0.0000  0.0000  innerproduct8_2_DW_mult_tc_92
c1/inpro8_2/mult_52                  424.4220      0.1     424.4220      0.0000  0.0000  innerproduct8_2_DW_mult_tc_51
c1/inpro8_2/mult_52_2                425.1060      0.1     425.1060      0.0000  0.0000  innerproduct8_2_DW_mult_tc_55
c1/inpro8_2/mult_52_3                411.7680      0.1     411.7680      0.0000  0.0000  innerproduct8_2_DW_mult_tc_95
c1/inpro8_2/mult_52_4                411.7680      0.1     411.7680      0.0000  0.0000  innerproduct8_2_DW_mult_tc_96
c1/inpro8_2/mult_52_5                405.2700      0.1     405.2700      0.0000  0.0000  innerproduct8_2_DW_mult_tc_97
c1/inpro8_2/mult_53                  426.1320      0.1     426.1320      0.0000  0.0000  innerproduct8_2_DW_mult_tc_40
c1/inpro8_2/mult_53_2                426.1320      0.1     426.1320      0.0000  0.0000  innerproduct8_2_DW_mult_tc_44
c1/inpro8_2/mult_53_3                402.8760      0.1     402.8760      0.0000  0.0000  innerproduct8_2_DW_mult_tc_100
c1/inpro8_2/mult_53_4                402.8760      0.1     402.8760      0.0000  0.0000  innerproduct8_2_DW_mult_tc_101
c1/inpro8_2/mult_53_5                410.4000      0.1     410.4000      0.0000  0.0000  innerproduct8_2_DW_mult_tc_102
c1/inpro8_2/mult_54                  426.1320      0.1     426.1320      0.0000  0.0000  innerproduct8_2_DW_mult_tc_41
c1/inpro8_2/mult_54_2                426.1320      0.1     426.1320      0.0000  0.0000  innerproduct8_2_DW_mult_tc_45
c1/inpro8_2/mult_54_3                411.7680      0.1     411.7680      0.0000  0.0000  innerproduct8_2_DW_mult_tc_105
c1/inpro8_2/mult_54_4                411.7680      0.1     411.7680      0.0000  0.0000  innerproduct8_2_DW_mult_tc_106
c1/inpro8_2/mult_54_5                412.1100      0.1     412.1100      0.0000  0.0000  innerproduct8_2_DW_mult_tc_107
c1/inpro8_2/mult_55                  424.4220      0.1     424.4220      0.0000  0.0000  innerproduct8_2_DW_mult_tc_42
c1/inpro8_2/mult_55_2                426.1320      0.1     426.1320      0.0000  0.0000  innerproduct8_2_DW_mult_tc_46
c1/inpro8_2/mult_55_3                411.7680      0.1     411.7680      0.0000  0.0000  innerproduct8_2_DW_mult_tc_110
c1/inpro8_2/mult_55_4                411.7680      0.1     411.7680      0.0000  0.0000  innerproduct8_2_DW_mult_tc_111
c1/inpro8_2/mult_55_5                412.1100      0.1     412.1100      0.0000  0.0000  innerproduct8_2_DW_mult_tc_112
c1/inpro8_2/mult_56                  424.4220      0.1     424.4220      0.0000  0.0000  innerproduct8_2_DW_mult_tc_43
c1/inpro8_2/mult_56_2                424.4220      0.1     424.4220      0.0000  0.0000  innerproduct8_2_DW_mult_tc_47
c1/inpro8_2/mult_56_3                411.7680      0.1     411.7680      0.0000  0.0000  innerproduct8_2_DW_mult_tc_115
c1/inpro8_2/mult_56_4                411.7680      0.1     411.7680      0.0000  0.0000  innerproduct8_2_DW_mult_tc_116
c1/inpro8_2/mult_56_5                412.1100      0.1     412.1100      0.0000  0.0000  innerproduct8_2_DW_mult_tc_117
c1/prq                             12564.7383      2.0     611.1540      0.0000  0.0000  poolReluQuan8_2
c1/prq/gt_21                         166.2120      0.0     166.2120      0.0000  0.0000  poolReluQuan8_2_DW_cmp_9
c1/prq/gt_22                         166.2120      0.0     166.2120      0.0000  0.0000  poolReluQuan8_2_DW_cmp_11
c1/prq/gt_23                         166.2120      0.0     166.2120      0.0000  0.0000  poolReluQuan8_2_DW_cmp_8
c1/prq/gt_24                         166.2120      0.0     166.2120      0.0000  0.0000  poolReluQuan8_2_DW_cmp_10
c1/prq/gt_29                         166.2120      0.0     166.2120      0.0000  0.0000  poolReluQuan8_2_DW_cmp_7
c1/prq/gt_30                         166.2120      0.0     166.2120      0.0000  0.0000  poolReluQuan8_2_DW_cmp_6
c1/prq/mult_44                      5475.0781      0.9    5475.0781      0.0000  0.0000  poolReluQuan8_2_DW_mult_tc_2
c1/prq/mult_45                      5481.2341      0.9    5481.2341      0.0000  0.0000  poolReluQuan8_2_DW_mult_tc_3
c2                                430078.6896     69.1  242633.9574  27279.6306  0.0000  conv2
c2/add_0_root_add_0_root_add_981_3
                                      64.6380      0.0      64.6380      0.0000  0.0000  conv2_DW01_add_160_DW01_add_232
c2/add_144                            25.9920      0.0      25.9920      0.0000  0.0000  conv2_DW01_inc_3_DW01_inc_15
c2/add_167                            25.9920      0.0      25.9920      0.0000  0.0000  conv2_DW01_inc_2_DW01_inc_14
c2/add_1_root_add_982_4               64.6380      0.0      64.6380      0.0000  0.0000  conv2_DW01_add_162_DW01_add_234
c2/add_294                            25.9920      0.0      25.9920      0.0000  0.0000  conv2_DW01_inc_1_DW01_inc_13
c2/add_343                            25.9920      0.0      25.9920      0.0000  0.0000  conv2_DW01_inc_0_DW01_inc_12
c2/add_549_2                         308.1420      0.0     308.1420      0.0000  0.0000  conv2_DW01_add_421
c2/add_549_2_I2_I1                   391.5900      0.1     391.5900      0.0000  0.0000  conv2_DW01_add_187
c2/add_549_2_I3_I1                   391.9320      0.1     391.9320      0.0000  0.0000  conv2_DW01_add_287
c2/add_549_2_I4_I1                   391.5900      0.1     391.5900      0.0000  0.0000  conv2_DW01_add_277
c2/add_561_2                         308.1420      0.0     308.1420      0.0000  0.0000  conv2_DW01_add_422
c2/add_561_2_I2_I1                   391.5900      0.1     391.5900      0.0000  0.0000  conv2_DW01_add_186
c2/add_581_2                         307.4580      0.0     307.4580      0.0000  0.0000  conv2_DW01_add_423
c2/add_581_2_I2                      311.2200      0.1     311.2200      0.0000  0.0000  conv2_DW01_add_414
c2/add_581_2_I2_I1                   391.5900      0.1     391.5900      0.0000  0.0000  conv2_DW01_add_185
c2/add_581_2_I2_I2                   308.8260      0.0     308.8260      0.0000  0.0000  conv2_DW01_add_417
c2/add_581_2_I3_I1                   391.9320      0.1     391.9320      0.0000  0.0000  conv2_DW01_add_286
c2/add_581_2_I3_I2                   391.2480      0.1     391.2480      0.0000  0.0000  conv2_DW01_add_272
c2/add_581_2_I4_I1                   390.2220      0.1     390.2220      0.0000  0.0000  conv2_DW01_add_276
c2/add_581_2_I4_I2                   391.5900      0.1     391.5900      0.0000  0.0000  conv2_DW01_add_282
c2/add_594_2                         307.4580      0.0     307.4580      0.0000  0.0000  conv2_DW01_add_424
c2/add_594_2_I2                      391.5900      0.1     391.5900      0.0000  0.0000  conv2_DW01_add_206
c2/add_594_2_I2_I1                   393.3000      0.1     393.3000      0.0000  0.0000  conv2_DW01_add_184
c2/add_594_2_I2_I2                   393.3000      0.1     393.3000      0.0000  0.0000  conv2_DW01_add_196
c2/add_613_2                         297.8820      0.0     297.8820      0.0000  0.0000  conv2_DW01_add_425
c2/add_613_2_I2                      393.6420      0.1     393.6420      0.0000  0.0000  conv2_DW01_add_205
c2/add_613_2_I2_I1                   308.8260      0.0     308.8260      0.0000  0.0000  conv2_DW01_add_420
c2/add_613_2_I2_I2                   393.3000      0.1     393.3000      0.0000  0.0000  conv2_DW01_add_195
c2/add_613_2_I2_I3                   391.9320      0.1     391.9320      0.0000  0.0000  conv2_DW01_add_267
c2/add_613_2_I3                      393.6420      0.1     393.6420      0.0000  0.0000  conv2_DW01_add_247
c2/add_613_2_I3_I1                   391.2480      0.1     391.2480      0.0000  0.0000  conv2_DW01_add_285
c2/add_613_2_I3_I2                   391.5900      0.1     391.5900      0.0000  0.0000  conv2_DW01_add_271
c2/add_613_2_I3_I3                   391.5900      0.1     391.5900      0.0000  0.0000  conv2_DW01_add_297
c2/add_613_2_I4_I1                   336.5280      0.1     336.5280      0.0000  0.0000  conv2_DW01_add_370
c2/add_613_2_I4_I2                   391.5900      0.1     391.5900      0.0000  0.0000  conv2_DW01_add_281
c2/add_613_2_I4_I3                   316.0080      0.1     316.0080      0.0000  0.0000  conv2_DW01_add_356
c2/add_625_2                         306.4320      0.0     306.4320      0.0000  0.0000  conv2_DW01_add_426
c2/add_625_2_I2                      393.3000      0.1     393.3000      0.0000  0.0000  conv2_DW01_add_204
c2/add_625_2_I2_I1                   391.5900      0.1     391.5900      0.0000  0.0000  conv2_DW01_add_182
c2/add_625_2_I2_I2                   393.3000      0.1     393.3000      0.0000  0.0000  conv2_DW01_add_194
c2/add_625_2_I2_I3                   391.2480      0.1     391.2480      0.0000  0.0000  conv2_DW01_add_266
c2/add_625_2_I3                      391.2480      0.1     391.2480      0.0000  0.0000  conv2_DW01_add_246
c2/add_644_2                         311.9040      0.1     311.9040      0.0000  0.0000  conv2_DW01_add_427
c2/add_644_2_I2                      393.3000      0.1     393.3000      0.0000  0.0000  conv2_DW01_add_203
c2/add_644_2_I2_I1                   391.5900      0.1     391.5900      0.0000  0.0000  conv2_DW01_add_181
c2/add_644_2_I2_I2                   393.3000      0.1     393.3000      0.0000  0.0000  conv2_DW01_add_193
c2/add_644_2_I2_I3                   311.9040      0.1     311.9040      0.0000  0.0000  conv2_DW01_add_377
c2/add_644_2_I2_I4                   391.5900      0.1     391.5900      0.0000  0.0000  conv2_DW01_add_237
c2/add_644_2_I3                      309.8520      0.0     309.8520      0.0000  0.0000  conv2_DW01_add_390
c2/add_644_2_I3_I1                   391.2480      0.1     391.2480      0.0000  0.0000  conv2_DW01_add_284
c2/add_644_2_I3_I2                   391.2480      0.1     391.2480      0.0000  0.0000  conv2_DW01_add_270
c2/add_644_2_I3_I3                   391.2480      0.1     391.2480      0.0000  0.0000  conv2_DW01_add_296
c2/add_644_2_I3_I4                   391.2480      0.1     391.2480      0.0000  0.0000  conv2_DW01_add_312
c2/add_644_2_I4                      391.5900      0.1     391.5900      0.0000  0.0000  conv2_DW01_add_257
c2/add_644_2_I4_I1                   330.3720      0.1     330.3720      0.0000  0.0000  conv2_DW01_add_371
c2/add_644_2_I4_I2                   391.5900      0.1     391.5900      0.0000  0.0000  conv2_DW01_add_280
c2/add_644_2_I4_I3                   319.0860      0.1     319.0860      0.0000  0.0000  conv2_DW01_add_357
c2/add_644_2_I4_I4                   391.2480      0.1     391.2480      0.0000  0.0000  conv2_DW01_add_292
c2/add_656_2                         308.8260      0.0     308.8260      0.0000  0.0000  conv2_DW01_add_428
c2/add_656_2_I2                      393.6420      0.1     393.6420      0.0000  0.0000  conv2_DW01_add_202
c2/add_656_2_I2_I1                   391.5900      0.1     391.5900      0.0000  0.0000  conv2_DW01_add_180
c2/add_656_2_I2_I2                   395.3520      0.1     395.3520      0.0000  0.0000  conv2_DW01_add_192
c2/add_656_2_I2_I3                   393.6420      0.1     393.6420      0.0000  0.0000  conv2_DW01_add_264
c2/add_656_2_I2_I4                   391.9320      0.1     391.9320      0.0000  0.0000  conv2_DW01_add_236
c2/add_656_2_I3                      391.5900      0.1     391.5900      0.0000  0.0000  conv2_DW01_add_244
c2/add_656_2_I4                      391.5900      0.1     391.5900      0.0000  0.0000  conv2_DW01_add_256
c2/add_680_2                         393.3000      0.1     393.3000      0.0000  0.0000  conv2_DW01_add_201
c2/add_680_2_I2                      392.2740      0.1     392.2740      0.0000  0.0000  conv2_DW01_add_243
c2/add_680_2_I2_I1                   396.7200      0.1     396.7200      0.0000  0.0000  conv2_DW01_add_191
c2/add_680_2_I2_I2                   315.3240      0.1     315.3240      0.0000  0.0000  conv2_DW01_add_378
c2/add_680_2_I2_I3                   391.5900      0.1     391.5900      0.0000  0.0000  conv2_DW01_add_235
c2/add_680_2_I2_I4                   299.2500      0.0     299.2500      0.0000  0.0000  conv2_DW01_add_404
c2/add_680_2_I3                      389.8800      0.1     389.8800      0.0000  0.0000  conv2_DW01_add_255
c2/add_680_2_I3_I1                   347.4720      0.1     347.4720      0.0000  0.0000  conv2_DW01_add_373
c2/add_680_2_I3_I2                   391.2480      0.1     391.2480      0.0000  0.0000  conv2_DW01_add_295
c2/add_680_2_I3_I3                   391.2480      0.1     391.2480      0.0000  0.0000  conv2_DW01_add_311
c2/add_680_2_I3_I4                   391.2480      0.1     391.2480      0.0000  0.0000  conv2_DW01_add_302
c2/add_680_2_I4                      391.9320      0.1     391.9320      0.0000  0.0000  conv2_DW01_add_227
c2/add_680_2_I4_I1                   391.5900      0.1     391.5900      0.0000  0.0000  conv2_DW01_add_279
c2/add_680_2_I4_I2                   389.5380      0.1     389.5380      0.0000  0.0000  conv2_DW01_add_315
c2/add_680_2_I4_I3                   389.5380      0.1     389.5380      0.0000  0.0000  conv2_DW01_add_291
c2/add_680_2_I4_I4                   391.2480      0.1     391.2480      0.0000  0.0000  conv2_DW01_add_307
c2/add_692_2                         313.9560      0.1     313.9560      0.0000  0.0000  conv2_DW01_add_415
c2/add_692_2_I2                      391.9320      0.1     391.9320      0.0000  0.0000  conv2_DW01_add_242
c2/add_692_2_I2_I1                   395.3520      0.1     395.3520      0.0000  0.0000  conv2_DW01_add_190
c2/add_692_2_I2_I2                   391.9320      0.1     391.9320      0.0000  0.0000  conv2_DW01_add_262
c2/add_692_2_I2_I3                   391.2480      0.1     391.2480      0.0000  0.0000  conv2_DW01_add_234
c2/add_692_2_I2_I4                   285.5700      0.0     285.5700      0.0000  0.0000  conv2_DW01_add_405
c2/add_692_2_I3                      389.5380      0.1     389.5380      0.0000  0.0000  conv2_DW01_add_254
c2/add_692_2_I4                      299.5920      0.0     299.5920      0.0000  0.0000  conv2_DW01_add_395
c2/add_711_2                         390.2220      0.1     390.2220      0.0000  0.0000  conv2_DW01_add_241
c2/add_711_2_I2                      391.5900      0.1     391.5900      0.0000  0.0000  conv2_DW01_add_253
c2/add_711_2_I2_I1                   391.5900      0.1     391.5900      0.0000  0.0000  conv2_DW01_add_261
c2/add_711_2_I2_I2                   391.5900      0.1     391.5900      0.0000  0.0000  conv2_DW01_add_233
c2/add_711_2_I2_I3                   281.4660      0.0     281.4660      0.0000  0.0000  conv2_DW01_add_406
c2/add_711_2_I3                      282.8340      0.0     282.8340      0.0000  0.0000  conv2_DW01_add_396
c2/add_711_2_I3_I1                   391.9320      0.1     391.9320      0.0000  0.0000  conv2_DW01_add_294
c2/add_711_2_I3_I2                   392.2740      0.1     392.2740      0.0000  0.0000  conv2_DW01_add_310
c2/add_711_2_I3_I3                   391.2480      0.1     391.2480      0.0000  0.0000  conv2_DW01_add_301
c2/add_711_2_I4_I1                   391.5900      0.1     391.5900      0.0000  0.0000  conv2_DW01_add_314
c2/add_711_2_I4_I2                   389.8800      0.1     389.8800      0.0000  0.0000  conv2_DW01_add_290
c2/add_711_2_I4_I3                   327.6360      0.1     327.6360      0.0000  0.0000  conv2_DW01_add_359
c2/add_723_2                         391.9320      0.1     391.9320      0.0000  0.0000  conv2_DW01_add_240
c2/add_723_2_I2                      391.5900      0.1     391.5900      0.0000  0.0000  conv2_DW01_add_252
c2/add_723_2_I2_I1                   391.5900      0.1     391.5900      0.0000  0.0000  conv2_DW01_add_260
c2/add_723_2_I2_I2                   391.5900      0.1     391.5900      0.0000  0.0000  conv2_DW01_add_232
c2/add_723_2_I2_I3                   285.2280      0.0     285.2280      0.0000  0.0000  conv2_DW01_add_407
c2/add_723_2_I3                      285.2280      0.0     285.2280      0.0000  0.0000  conv2_DW01_add_397
c2/add_742_2                         391.9320      0.1     391.9320      0.0000  0.0000  conv2_DW01_add_251
c2/add_742_2_I2                      284.5440      0.0     284.5440      0.0000  0.0000  conv2_DW01_add_398
c2/add_742_2_I2_I1                   391.5900      0.1     391.5900      0.0000  0.0000  conv2_DW01_add_231
c2/add_742_2_I2_I2                   288.9900      0.0     288.9900      0.0000  0.0000  conv2_DW01_add_408
c2/add_742_2_I3_I1                   391.5900      0.1     391.5900      0.0000  0.0000  conv2_DW01_add_309
c2/add_742_2_I3_I2                   389.8800      0.1     389.8800      0.0000  0.0000  conv2_DW01_add_300
c2/add_742_2_I4_I1                   391.5900      0.1     391.5900      0.0000  0.0000  conv2_DW01_add_289
c2/add_742_2_I4_I2                   335.5020      0.1     335.5020      0.0000  0.0000  conv2_DW01_add_360
c2/add_754_2                         391.9320      0.1     391.9320      0.0000  0.0000  conv2_DW01_add_250
c2/add_754_2_I2                      391.2480      0.1     391.2480      0.0000  0.0000  conv2_DW01_add_222
c2/add_754_2_I2_I1                   391.5900      0.1     391.5900      0.0000  0.0000  conv2_DW01_add_230
c2/add_754_2_I2_I2                   391.5900      0.1     391.5900      0.0000  0.0000  conv2_DW01_add_212
c2/add_773_2                         287.2800      0.0     287.2800      0.0000  0.0000  conv2_DW01_add_400
c2/add_773_2_I2_I1                   287.9640      0.0     287.9640      0.0000  0.0000  conv2_DW01_add_410
c2/add_773_2_I3_I1                   391.5900      0.1     391.5900      0.0000  0.0000  conv2_DW01_add_299
c2/add_773_2_I4_I1                   390.2220      0.1     390.2220      0.0000  0.0000  conv2_DW01_add_304
c2/add_785_2                         284.5440      0.0     284.5440      0.0000  0.0000  conv2_DW01_add_401
c2/add_785_2_I2_I1                   283.5180      0.0     283.5180      0.0000  0.0000  conv2_DW01_add_411
c2/add_799_2                         303.0120      0.0     303.0120      0.0000  0.0000  conv2_DW01_add_429
c2/add_799_2_I2                      317.0340      0.1     317.0340      0.0000  0.0000  conv2_DW01_add_416
c2/add_799_2_I2_I1                   389.8800      0.1     389.8800      0.0000  0.0000  conv2_DW01_add_179
c2/add_799_2_I2_I2                   308.4840      0.0     308.4840      0.0000  0.0000  conv2_DW01_add_418
c2/add_799_2_I2_I3                   391.2480      0.1     391.2480      0.0000  0.0000  conv2_DW01_add_259
c2/add_799_2_I2_I4                   391.5900      0.1     391.5900      0.0000  0.0000  conv2_DW01_add_229
c2/add_799_2_I2_I5                   283.5180      0.0     283.5180      0.0000  0.0000  conv2_DW01_add_412
c2/add_799_2_I3                      391.2480      0.1     391.2480      0.0000  0.0000  conv2_DW01_add_239
c2/add_799_2_I3_I1                   389.5380      0.1     389.5380      0.0000  0.0000  conv2_DW01_add_283
c2/add_799_2_I3_I2                   345.4200      0.1     345.4200      0.0000  0.0000  conv2_DW01_add_374
c2/add_799_2_I3_I3                   318.0600      0.1     318.0600      0.0000  0.0000  conv2_DW01_add_368
c2/add_799_2_I3_I4                   329.0040      0.1     329.0040      0.0000  0.0000  conv2_DW01_add_358
c2/add_799_2_I3_I5                   391.2480      0.1     391.2480      0.0000  0.0000  conv2_DW01_add_298
c2/add_799_2_I4                      391.2480      0.1     391.2480      0.0000  0.0000  conv2_DW01_add_249
c2/add_799_2_I4_I1                   319.0860      0.1     319.0860      0.0000  0.0000  conv2_DW01_add_372
c2/add_799_2_I4_I2                   316.0080      0.1     316.0080      0.0000  0.0000  conv2_DW01_add_369
c2/add_799_2_I4_I3                   391.2480      0.1     391.2480      0.0000  0.0000  conv2_DW01_add_313
c2/add_799_2_I4_I4                   391.2480      0.1     391.2480      0.0000  0.0000  conv2_DW01_add_288
c2/add_799_2_I4_I5                   321.1380      0.1     321.1380      0.0000  0.0000  conv2_DW01_add_361
c2/add_799_2_I5                      391.5900      0.1     391.5900      0.0000  0.0000  conv2_DW01_add_219
c2/add_806_2                         391.2480      0.1     391.2480      0.0000  0.0000  conv2_DW01_add_168
c2/add_806_2_I2                      391.2480      0.1     391.2480      0.0000  0.0000  conv2_DW01_add_198
c2/add_806_2_I2_I1                   391.2480      0.1     391.2480      0.0000  0.0000  conv2_DW01_add_178
c2/add_806_2_I2_I2                   317.3760      0.1     317.3760      0.0000  0.0000  conv2_DW01_add_419
c2/add_806_2_I2_I3                   391.5900      0.1     391.5900      0.0000  0.0000  conv2_DW01_add_258
c2/add_806_2_I2_I4                   391.5900      0.1     391.5900      0.0000  0.0000  conv2_DW01_add_228
c2/add_806_2_I2_I5                   286.9380      0.0     286.9380      0.0000  0.0000  conv2_DW01_add_413
c2/add_806_2_I3                      393.6420      0.1     393.6420      0.0000  0.0000  conv2_DW01_add_238
c2/add_806_2_I4                      391.9320      0.1     391.9320      0.0000  0.0000  conv2_DW01_add_248
c2/add_806_2_I5                      391.5900      0.1     391.5900      0.0000  0.0000  conv2_DW01_add_218
c2/inpro8_5                        56513.1073      9.1     212.3820      0.0000  0.0000  innerproduct8_5
c2/inpro8_5/add_0_root_add_100_4     207.9360      0.0     207.9360      0.0000  0.0000  innerproduct8_5_DW01_add_134
c2/inpro8_5/add_0_root_add_101_4     207.9360      0.0     207.9360      0.0000  0.0000  innerproduct8_5_DW01_add_137
c2/inpro8_5/add_0_root_add_82_4      153.5580      0.0     153.5580      0.0000  0.0000  innerproduct8_5_DW01_add_206
c2/inpro8_5/add_0_root_add_83_4      207.9360      0.0     207.9360      0.0000  0.0000  innerproduct8_5_DW01_add_85
c2/inpro8_5/add_0_root_add_84_4      207.9360      0.0     207.9360      0.0000  0.0000  innerproduct8_5_DW01_add_122
c2/inpro8_5/add_0_root_add_85_4      207.9360      0.0     207.9360      0.0000  0.0000  innerproduct8_5_DW01_add_116
c2/inpro8_5/add_0_root_add_86_4      214.7760      0.0     214.7760      0.0000  0.0000  innerproduct8_5_DW01_add_91
c2/inpro8_5/add_0_root_add_87_4      214.0920      0.0     214.0920      0.0000  0.0000  innerproduct8_5_DW01_add_88
c2/inpro8_5/add_0_root_add_88_4      207.9360      0.0     207.9360      0.0000  0.0000  innerproduct8_5_DW01_add_113
c2/inpro8_5/add_0_root_add_89_4      207.9360      0.0     207.9360      0.0000  0.0000  innerproduct8_5_DW01_add_119
c2/inpro8_5/add_0_root_add_90_4      208.6200      0.0     208.6200      0.0000  0.0000  innerproduct8_5_DW01_add_103
c2/inpro8_5/add_0_root_add_91_4      207.9360      0.0     207.9360      0.0000  0.0000  innerproduct8_5_DW01_add_110
c2/inpro8_5/add_0_root_add_92_4      207.9360      0.0     207.9360      0.0000  0.0000  innerproduct8_5_DW01_add_131
c2/inpro8_5/add_0_root_add_93_4      207.9360      0.0     207.9360      0.0000  0.0000  innerproduct8_5_DW01_add_143
c2/inpro8_5/add_0_root_add_94_4      207.9360      0.0     207.9360      0.0000  0.0000  innerproduct8_5_DW01_add_106
c2/inpro8_5/add_0_root_add_95_4      207.9360      0.0     207.9360      0.0000  0.0000  innerproduct8_5_DW01_add_100
c2/inpro8_5/add_0_root_add_96_4      207.9360      0.0     207.9360      0.0000  0.0000  innerproduct8_5_DW01_add_140
c2/inpro8_5/add_0_root_add_97_4      207.9360      0.0     207.9360      0.0000  0.0000  innerproduct8_5_DW01_add_128
c2/inpro8_5/add_0_root_add_98_4      152.8740      0.0     152.8740      0.0000  0.0000  innerproduct8_5_DW01_add_195
c2/inpro8_5/add_0_root_add_99_4      159.0300      0.0     159.0300      0.0000  0.0000  innerproduct8_5_DW01_add_199
c2/inpro8_5/add_1_root_add_100_4     174.4200      0.0     174.4200      0.0000  0.0000  innerproduct8_5_DW01_add_133
c2/inpro8_5/add_1_root_add_101_4     174.4200      0.0     174.4200      0.0000  0.0000  innerproduct8_5_DW01_add_136
c2/inpro8_5/add_1_root_add_82_4      146.3760      0.0     146.3760      0.0000  0.0000  innerproduct8_5_DW01_add_205
c2/inpro8_5/add_1_root_add_83_4      174.4200      0.0     174.4200      0.0000  0.0000  innerproduct8_5_DW01_add_84
c2/inpro8_5/add_1_root_add_84_4      174.4200      0.0     174.4200      0.0000  0.0000  innerproduct8_5_DW01_add_121
c2/inpro8_5/add_1_root_add_85_4      174.4200      0.0     174.4200      0.0000  0.0000  innerproduct8_5_DW01_add_115
c2/inpro8_5/add_1_root_add_86_4      176.1300      0.0     176.1300      0.0000  0.0000  innerproduct8_5_DW01_add_90
c2/inpro8_5/add_1_root_add_87_4      176.8140      0.0     176.8140      0.0000  0.0000  innerproduct8_5_DW01_add_87
c2/inpro8_5/add_1_root_add_88_4      175.1040      0.0     175.1040      0.0000  0.0000  innerproduct8_5_DW01_add_112
c2/inpro8_5/add_1_root_add_89_4      174.4200      0.0     174.4200      0.0000  0.0000  innerproduct8_5_DW01_add_118
c2/inpro8_5/add_1_root_add_90_4      174.4200      0.0     174.4200      0.0000  0.0000  innerproduct8_5_DW01_add_102
c2/inpro8_5/add_1_root_add_91_4      175.4460      0.0     175.4460      0.0000  0.0000  innerproduct8_5_DW01_add_109
c2/inpro8_5/add_1_root_add_92_4      174.4200      0.0     174.4200      0.0000  0.0000  innerproduct8_5_DW01_add_130
c2/inpro8_5/add_1_root_add_93_4      174.4200      0.0     174.4200      0.0000  0.0000  innerproduct8_5_DW01_add_142
c2/inpro8_5/add_1_root_add_94_4      174.4200      0.0     174.4200      0.0000  0.0000  innerproduct8_5_DW01_add_105
c2/inpro8_5/add_1_root_add_95_4      174.4200      0.0     174.4200      0.0000  0.0000  innerproduct8_5_DW01_add_99
c2/inpro8_5/add_1_root_add_96_4      174.4200      0.0     174.4200      0.0000  0.0000  innerproduct8_5_DW01_add_139
c2/inpro8_5/add_1_root_add_97_4      174.4200      0.0     174.4200      0.0000  0.0000  innerproduct8_5_DW01_add_127
c2/inpro8_5/add_1_root_add_98_4      142.9560      0.0     142.9560      0.0000  0.0000  innerproduct8_5_DW01_add_194
c2/inpro8_5/add_1_root_add_99_4      147.7440      0.0     147.7440      0.0000  0.0000  innerproduct8_5_DW01_add_198
c2/inpro8_5/add_2_root_add_100_4     145.0080      0.0     145.0080      0.0000  0.0000  innerproduct8_5_DW01_add_181
c2/inpro8_5/add_2_root_add_101_4     149.1120      0.0     149.1120      0.0000  0.0000  innerproduct8_5_DW01_add_180
c2/inpro8_5/add_2_root_add_82_4      140.2200      0.0     140.2200      0.0000  0.0000  innerproduct8_5_DW01_add_203
c2/inpro8_5/add_2_root_add_83_4      145.6920      0.0     145.6920      0.0000  0.0000  innerproduct8_5_DW01_add_202
c2/inpro8_5/add_2_root_add_84_4      149.1120      0.0     149.1120      0.0000  0.0000  innerproduct8_5_DW01_add_184
c2/inpro8_5/add_2_root_add_85_4      152.5320      0.0     152.5320      0.0000  0.0000  innerproduct8_5_DW01_add_186
c2/inpro8_5/add_2_root_add_86_4      145.0080      0.0     145.0080      0.0000  0.0000  innerproduct8_5_DW01_add_200
c2/inpro8_5/add_2_root_add_87_4      145.0080      0.0     145.0080      0.0000  0.0000  innerproduct8_5_DW01_add_201
c2/inpro8_5/add_2_root_add_88_4      142.6140      0.0     142.6140      0.0000  0.0000  innerproduct8_5_DW01_add_187
c2/inpro8_5/add_2_root_add_89_4      148.4280      0.0     148.4280      0.0000  0.0000  innerproduct8_5_DW01_add_185
c2/inpro8_5/add_2_root_add_90_4      148.7700      0.0     148.7700      0.0000  0.0000  innerproduct8_5_DW01_add_190
c2/inpro8_5/add_2_root_add_91_4      147.7440      0.0     147.7440      0.0000  0.0000  innerproduct8_5_DW01_add_188
c2/inpro8_5/add_2_root_add_92_4      144.6660      0.0     144.6660      0.0000  0.0000  innerproduct8_5_DW01_add_182
c2/inpro8_5/add_2_root_add_93_4      145.0080      0.0     145.0080      0.0000  0.0000  innerproduct8_5_DW01_add_178
c2/inpro8_5/add_2_root_add_94_4      140.2200      0.0     140.2200      0.0000  0.0000  innerproduct8_5_DW01_add_189
c2/inpro8_5/add_2_root_add_95_4      148.7700      0.0     148.7700      0.0000  0.0000  innerproduct8_5_DW01_add_191
c2/inpro8_5/add_2_root_add_96_4      145.3500      0.0     145.3500      0.0000  0.0000  innerproduct8_5_DW01_add_179
c2/inpro8_5/add_2_root_add_97_4      145.0080      0.0     145.0080      0.0000  0.0000  innerproduct8_5_DW01_add_183
c2/inpro8_5/add_2_root_add_98_4      144.6660      0.0     144.6660      0.0000  0.0000  innerproduct8_5_DW01_add_192
c2/inpro8_5/add_2_root_add_99_4      144.6660      0.0     144.6660      0.0000  0.0000  innerproduct8_5_DW01_add_196
c2/inpro8_5/add_3_root_add_100_4     182.2860      0.0     182.2860      0.0000  0.0000  innerproduct8_5_DW01_add_132
c2/inpro8_5/add_3_root_add_101_4     182.2860      0.0     182.2860      0.0000  0.0000  innerproduct8_5_DW01_add_135
c2/inpro8_5/add_3_root_add_82_4      143.2980      0.0     143.2980      0.0000  0.0000  innerproduct8_5_DW01_add_204
c2/inpro8_5/add_3_root_add_83_4      182.2860      0.0     182.2860      0.0000  0.0000  innerproduct8_5_DW01_add_83
c2/inpro8_5/add_3_root_add_84_4      182.6280      0.0     182.6280      0.0000  0.0000  innerproduct8_5_DW01_add_120
c2/inpro8_5/add_3_root_add_85_4      182.2860      0.0     182.2860      0.0000  0.0000  innerproduct8_5_DW01_add_114
c2/inpro8_5/add_3_root_add_86_4      183.3120      0.0     183.3120      0.0000  0.0000  innerproduct8_5_DW01_add_89
c2/inpro8_5/add_3_root_add_87_4      182.6280      0.0     182.6280      0.0000  0.0000  innerproduct8_5_DW01_add_86
c2/inpro8_5/add_3_root_add_88_4      182.2860      0.0     182.2860      0.0000  0.0000  innerproduct8_5_DW01_add_111
c2/inpro8_5/add_3_root_add_89_4      182.2860      0.0     182.2860      0.0000  0.0000  innerproduct8_5_DW01_add_117
c2/inpro8_5/add_3_root_add_90_4      182.2860      0.0     182.2860      0.0000  0.0000  innerproduct8_5_DW01_add_101
c2/inpro8_5/add_3_root_add_91_4      182.2860      0.0     182.2860      0.0000  0.0000  innerproduct8_5_DW01_add_108
c2/inpro8_5/add_3_root_add_92_4      182.2860      0.0     182.2860      0.0000  0.0000  innerproduct8_5_DW01_add_129
c2/inpro8_5/add_3_root_add_93_4      183.9960      0.0     183.9960      0.0000  0.0000  innerproduct8_5_DW01_add_141
c2/inpro8_5/add_3_root_add_94_4      182.2860      0.0     182.2860      0.0000  0.0000  innerproduct8_5_DW01_add_104
c2/inpro8_5/add_3_root_add_95_4      182.2860      0.0     182.2860      0.0000  0.0000  innerproduct8_5_DW01_add_98
c2/inpro8_5/add_3_root_add_96_4      182.2860      0.0     182.2860      0.0000  0.0000  innerproduct8_5_DW01_add_138
c2/inpro8_5/add_3_root_add_97_4      182.2860      0.0     182.2860      0.0000  0.0000  innerproduct8_5_DW01_add_126
c2/inpro8_5/add_3_root_add_98_4      144.6660      0.0     144.6660      0.0000  0.0000  innerproduct8_5_DW01_add_193
c2/inpro8_5/add_3_root_add_99_4      148.4280      0.0     148.4280      0.0000  0.0000  innerproduct8_5_DW01_add_197
c2/inpro8_5/mult_100                 424.0800      0.1     424.0800      0.0000  0.0000  innerproduct8_5_DW_mult_tc_145
c2/inpro8_5/mult_100_2               425.7900      0.1     425.7900      0.0000  0.0000  innerproduct8_5_DW_mult_tc_144
c2/inpro8_5/mult_100_3               424.0800      0.1     424.0800      0.0000  0.0000  innerproduct8_5_DW_mult_tc_221
c2/inpro8_5/mult_100_4               424.0800      0.1     424.0800      0.0000  0.0000  innerproduct8_5_DW_mult_tc_222
c2/inpro8_5/mult_100_5               424.0800      0.1     424.0800      0.0000  0.0000  innerproduct8_5_DW_mult_tc_223
c2/inpro8_5/mult_101                 426.1320      0.1     426.1320      0.0000  0.0000  innerproduct8_5_DW_mult_tc_146
c2/inpro8_5/mult_101_2               426.1320      0.1     426.1320      0.0000  0.0000  innerproduct8_5_DW_mult_tc_147
c2/inpro8_5/mult_101_3               425.7900      0.1     425.7900      0.0000  0.0000  innerproduct8_5_DW_mult_tc_218
c2/inpro8_5/mult_101_4               422.3700      0.1     422.3700      0.0000  0.0000  innerproduct8_5_DW_mult_tc_219
c2/inpro8_5/mult_101_5               425.7900      0.1     425.7900      0.0000  0.0000  innerproduct8_5_DW_mult_tc_220
c2/inpro8_5/mult_82                  419.6340      0.1     419.6340      0.0000  0.0000  innerproduct8_5_DW_mult_tc_277
c2/inpro8_5/mult_82_2                424.0800      0.1     424.0800      0.0000  0.0000  innerproduct8_5_DW_mult_tc_278
c2/inpro8_5/mult_82_3                424.0800      0.1     424.0800      0.0000  0.0000  innerproduct8_5_DW_mult_tc_274
c2/inpro8_5/mult_82_4                425.7900      0.1     425.7900      0.0000  0.0000  innerproduct8_5_DW_mult_tc_275
c2/inpro8_5/mult_82_5                425.7900      0.1     425.7900      0.0000  0.0000  innerproduct8_5_DW_mult_tc_276
c2/inpro8_5/mult_83                  426.8160      0.1     426.8160      0.0000  0.0000  innerproduct8_5_DW_mult_tc_103
c2/inpro8_5/mult_83_2                425.7900      0.1     425.7900      0.0000  0.0000  innerproduct8_5_DW_mult_tc_102
c2/inpro8_5/mult_83_3                425.7900      0.1     425.7900      0.0000  0.0000  innerproduct8_5_DW_mult_tc_271
c2/inpro8_5/mult_83_4                424.0800      0.1     424.0800      0.0000  0.0000  innerproduct8_5_DW_mult_tc_272
c2/inpro8_5/mult_83_5                424.0800      0.1     424.0800      0.0000  0.0000  innerproduct8_5_DW_mult_tc_273
c2/inpro8_5/mult_84                  426.4740      0.1     426.4740      0.0000  0.0000  innerproduct8_5_DW_mult_tc_127
c2/inpro8_5/mult_84_2                426.4740      0.1     426.4740      0.0000  0.0000  innerproduct8_5_DW_mult_tc_123
c2/inpro8_5/mult_84_3                425.7900      0.1     425.7900      0.0000  0.0000  innerproduct8_5_DW_mult_tc_230
c2/inpro8_5/mult_84_4                425.7900      0.1     425.7900      0.0000  0.0000  innerproduct8_5_DW_mult_tc_231
c2/inpro8_5/mult_84_5                425.7900      0.1     425.7900      0.0000  0.0000  innerproduct8_5_DW_mult_tc_232
c2/inpro8_5/mult_85                  426.1320      0.1     426.1320      0.0000  0.0000  innerproduct8_5_DW_mult_tc_121
c2/inpro8_5/mult_85_2                426.1320      0.1     426.1320      0.0000  0.0000  innerproduct8_5_DW_mult_tc_125
c2/inpro8_5/mult_85_3                425.7900      0.1     425.7900      0.0000  0.0000  innerproduct8_5_DW_mult_tc_236
c2/inpro8_5/mult_85_4                425.7900      0.1     425.7900      0.0000  0.0000  innerproduct8_5_DW_mult_tc_237
c2/inpro8_5/mult_85_5                425.7900      0.1     425.7900      0.0000  0.0000  innerproduct8_5_DW_mult_tc_238
c2/inpro8_5/mult_86                  429.8940      0.1     429.8940      0.0000  0.0000  innerproduct8_5_DW_mult_tc_107
c2/inpro8_5/mult_86_2                429.2100      0.1     429.2100      0.0000  0.0000  innerproduct8_5_DW_mult_tc_105
c2/inpro8_5/mult_86_3                424.0800      0.1     424.0800      0.0000  0.0000  innerproduct8_5_DW_mult_tc_265
c2/inpro8_5/mult_86_4                425.7900      0.1     425.7900      0.0000  0.0000  innerproduct8_5_DW_mult_tc_266
c2/inpro8_5/mult_86_5                424.0800      0.1     424.0800      0.0000  0.0000  innerproduct8_5_DW_mult_tc_267
c2/inpro8_5/mult_87                  433.3140      0.1     433.3140      0.0000  0.0000  innerproduct8_5_DW_mult_tc_106
c2/inpro8_5/mult_87_2                428.8680      0.1     428.8680      0.0000  0.0000  innerproduct8_5_DW_mult_tc_104
c2/inpro8_5/mult_87_3                425.7900      0.1     425.7900      0.0000  0.0000  innerproduct8_5_DW_mult_tc_268
c2/inpro8_5/mult_87_4                425.7900      0.1     425.7900      0.0000  0.0000  innerproduct8_5_DW_mult_tc_269
c2/inpro8_5/mult_87_5                425.7900      0.1     425.7900      0.0000  0.0000  innerproduct8_5_DW_mult_tc_270
c2/inpro8_5/mult_88                  430.9200      0.1     430.9200      0.0000  0.0000  innerproduct8_5_DW_mult_tc_124
c2/inpro8_5/mult_88_2                427.5000      0.1     427.5000      0.0000  0.0000  innerproduct8_5_DW_mult_tc_119
c2/inpro8_5/mult_88_3                425.7900      0.1     425.7900      0.0000  0.0000  innerproduct8_5_DW_mult_tc_239
c2/inpro8_5/mult_88_4                424.0800      0.1     424.0800      0.0000  0.0000  innerproduct8_5_DW_mult_tc_240
c2/inpro8_5/mult_88_5                425.7900      0.1     425.7900      0.0000  0.0000  innerproduct8_5_DW_mult_tc_241
c2/inpro8_5/mult_89                  427.5000      0.1     427.5000      0.0000  0.0000  innerproduct8_5_DW_mult_tc_122
c2/inpro8_5/mult_89_2                425.7900      0.1     425.7900      0.0000  0.0000  innerproduct8_5_DW_mult_tc_126
c2/inpro8_5/mult_89_3                425.7900      0.1     425.7900      0.0000  0.0000  innerproduct8_5_DW_mult_tc_233
c2/inpro8_5/mult_89_4                425.7900      0.1     425.7900      0.0000  0.0000  innerproduct8_5_DW_mult_tc_234
c2/inpro8_5/mult_89_5                424.0800      0.1     424.0800      0.0000  0.0000  innerproduct8_5_DW_mult_tc_235
c2/inpro8_5/mult_90                  425.7900      0.1     425.7900      0.0000  0.0000  innerproduct8_5_DW_mult_tc_128
c2/inpro8_5/mult_90_2                425.7900      0.1     425.7900      0.0000  0.0000  innerproduct8_5_DW_mult_tc_112
c2/inpro8_5/mult_90_3                424.0800      0.1     424.0800      0.0000  0.0000  innerproduct8_5_DW_mult_tc_249
c2/inpro8_5/mult_90_4                408.0060      0.1     408.0060      0.0000  0.0000  innerproduct8_5_DW_mult_tc_250
c2/inpro8_5/mult_90_5                424.0800      0.1     424.0800      0.0000  0.0000  innerproduct8_5_DW_mult_tc_251
c2/inpro8_5/mult_91                  426.1320      0.1     426.1320      0.0000  0.0000  innerproduct8_5_DW_mult_tc_120
c2/inpro8_5/mult_91_2                425.7900      0.1     425.7900      0.0000  0.0000  innerproduct8_5_DW_mult_tc_115
c2/inpro8_5/mult_91_3                427.1580      0.1     427.1580      0.0000  0.0000  innerproduct8_5_DW_mult_tc_242
c2/inpro8_5/mult_91_4                427.1580      0.1     427.1580      0.0000  0.0000  innerproduct8_5_DW_mult_tc_243
c2/inpro8_5/mult_91_5                425.7900      0.1     425.7900      0.0000  0.0000  innerproduct8_5_DW_mult_tc_244
c2/inpro8_5/mult_92                  425.7900      0.1     425.7900      0.0000  0.0000  innerproduct8_5_DW_mult_tc_143
c2/inpro8_5/mult_92_2                425.7900      0.1     425.7900      0.0000  0.0000  innerproduct8_5_DW_mult_tc_142
c2/inpro8_5/mult_92_3                425.7900      0.1     425.7900      0.0000  0.0000  innerproduct8_5_DW_mult_tc_224
c2/inpro8_5/mult_92_4                424.0800      0.1     424.0800      0.0000  0.0000  innerproduct8_5_DW_mult_tc_225
c2/inpro8_5/mult_92_5                420.6600      0.1     420.6600      0.0000  0.0000  innerproduct8_5_DW_mult_tc_226
c2/inpro8_5/mult_93                  425.7900      0.1     425.7900      0.0000  0.0000  innerproduct8_5_DW_mult_tc_214
c2/inpro8_5/mult_93_2                427.5000      0.1     427.5000      0.0000  0.0000  innerproduct8_5_DW_mult_tc_151
c2/inpro8_5/mult_93_3                425.7900      0.1     425.7900      0.0000  0.0000  innerproduct8_5_DW_mult_tc_211
c2/inpro8_5/mult_93_4                420.6600      0.1     420.6600      0.0000  0.0000  innerproduct8_5_DW_mult_tc_212
c2/inpro8_5/mult_93_5                402.1920      0.1     402.1920      0.0000  0.0000  innerproduct8_5_DW_mult_tc_213
c2/inpro8_5/mult_94                  420.6600      0.1     420.6600      0.0000  0.0000  innerproduct8_5_DW_mult_tc_248
c2/inpro8_5/mult_94_2                425.7900      0.1     425.7900      0.0000  0.0000  innerproduct8_5_DW_mult_tc_113
c2/inpro8_5/mult_94_3                408.3480      0.1     408.3480      0.0000  0.0000  innerproduct8_5_DW_mult_tc_245
c2/inpro8_5/mult_94_4                409.7160      0.1     409.7160      0.0000  0.0000  innerproduct8_5_DW_mult_tc_246
c2/inpro8_5/mult_94_5                420.6600      0.1     420.6600      0.0000  0.0000  innerproduct8_5_DW_mult_tc_247
c2/inpro8_5/mult_95                  425.7900      0.1     425.7900      0.0000  0.0000  innerproduct8_5_DW_mult_tc_116
c2/inpro8_5/mult_95_2                425.7900      0.1     425.7900      0.0000  0.0000  innerproduct8_5_DW_mult_tc_111
c2/inpro8_5/mult_95_3                421.6860      0.1     421.6860      0.0000  0.0000  innerproduct8_5_DW_mult_tc_252
c2/inpro8_5/mult_95_4                422.3700      0.1     422.3700      0.0000  0.0000  innerproduct8_5_DW_mult_tc_253
c2/inpro8_5/mult_95_5                425.7900      0.1     425.7900      0.0000  0.0000  innerproduct8_5_DW_mult_tc_254
c2/inpro8_5/mult_96                  424.0800      0.1     424.0800      0.0000  0.0000  innerproduct8_5_DW_mult_tc_149
c2/inpro8_5/mult_96_2                425.7900      0.1     425.7900      0.0000  0.0000  innerproduct8_5_DW_mult_tc_148
c2/inpro8_5/mult_96_3                425.7900      0.1     425.7900      0.0000  0.0000  innerproduct8_5_DW_mult_tc_215
c2/inpro8_5/mult_96_4                424.0800      0.1     424.0800      0.0000  0.0000  innerproduct8_5_DW_mult_tc_216
c2/inpro8_5/mult_96_5                424.0800      0.1     424.0800      0.0000  0.0000  innerproduct8_5_DW_mult_tc_217
c2/inpro8_5/mult_97                  427.5000      0.1     427.5000      0.0000  0.0000  innerproduct8_5_DW_mult_tc_140
c2/inpro8_5/mult_97_2                425.7900      0.1     425.7900      0.0000  0.0000  innerproduct8_5_DW_mult_tc_141
c2/inpro8_5/mult_97_3                424.0800      0.1     424.0800      0.0000  0.0000  innerproduct8_5_DW_mult_tc_227
c2/inpro8_5/mult_97_4                424.0800      0.1     424.0800      0.0000  0.0000  innerproduct8_5_DW_mult_tc_228
c2/inpro8_5/mult_97_5                408.0060      0.1     408.0060      0.0000  0.0000  innerproduct8_5_DW_mult_tc_229
c2/inpro8_5/mult_98                  419.6340      0.1     419.6340      0.0000  0.0000  innerproduct8_5_DW_mult_tc_258
c2/inpro8_5/mult_98_2                425.7900      0.1     425.7900      0.0000  0.0000  innerproduct8_5_DW_mult_tc_259
c2/inpro8_5/mult_98_3                425.7900      0.1     425.7900      0.0000  0.0000  innerproduct8_5_DW_mult_tc_255
c2/inpro8_5/mult_98_4                424.0800      0.1     424.0800      0.0000  0.0000  innerproduct8_5_DW_mult_tc_256
c2/inpro8_5/mult_98_5                425.7900      0.1     425.7900      0.0000  0.0000  innerproduct8_5_DW_mult_tc_257
c2/inpro8_5/mult_99                  422.3700      0.1     422.3700      0.0000  0.0000  innerproduct8_5_DW_mult_tc_263
c2/inpro8_5/mult_99_2                425.7900      0.1     425.7900      0.0000  0.0000  innerproduct8_5_DW_mult_tc_264
c2/inpro8_5/mult_99_3                425.7900      0.1     425.7900      0.0000  0.0000  innerproduct8_5_DW_mult_tc_260
c2/inpro8_5/mult_99_4                408.0060      0.1     408.0060      0.0000  0.0000  innerproduct8_5_DW_mult_tc_261
c2/inpro8_5/mult_99_5                425.7900      0.1     425.7900      0.0000  0.0000  innerproduct8_5_DW_mult_tc_262
c2/prq                             48573.5771      7.8    2578.3381      0.0000  0.0000  poolReluQuan28_7
c2/prq/gt_57                         166.2120      0.0     166.2120      0.0000  0.0000  poolReluQuan28_7_DW_cmp_31
c2/prq/gt_58                         167.5800      0.0     167.5800      0.0000  0.0000  poolReluQuan28_7_DW_cmp_37
c2/prq/gt_59                         166.2120      0.0     166.2120      0.0000  0.0000  poolReluQuan28_7_DW_cmp_30
c2/prq/gt_60                         172.3680      0.0     172.3680      0.0000  0.0000  poolReluQuan28_7_DW_cmp_36
c2/prq/gt_61                         166.2120      0.0     166.2120      0.0000  0.0000  poolReluQuan28_7_DW_cmp_29
c2/prq/gt_62                         166.8960      0.0     166.8960      0.0000  0.0000  poolReluQuan28_7_DW_cmp_35
c2/prq/gt_63                         169.6320      0.0     169.6320      0.0000  0.0000  poolReluQuan28_7_DW_cmp_28
c2/prq/gt_64                         171.3420      0.0     171.3420      0.0000  0.0000  poolReluQuan28_7_DW_cmp_34
c2/prq/gt_65                         166.8960      0.0     166.8960      0.0000  0.0000  poolReluQuan28_7_DW_cmp_33
c2/prq/gt_66                         166.2120      0.0     166.2120      0.0000  0.0000  poolReluQuan28_7_DW_cmp_38
c2/prq/gt_67                         143.2980      0.0     143.2980      0.0000  0.0000  poolReluQuan28_7_DW_cmp_13
c2/prq/gt_68                         143.2980      0.0     143.2980      0.0000  0.0000  poolReluQuan28_7_DW_cmp_12
c2/prq/gt_69                         143.2980      0.0     143.2980      0.0000  0.0000  poolReluQuan28_7_DW_cmp_11
c2/prq/gt_70                         143.2980      0.0     143.2980      0.0000  0.0000  poolReluQuan28_7_DW_cmp_10
c2/prq/gt_71                         143.2980      0.0     143.2980      0.0000  0.0000  poolReluQuan28_7_DW_cmp_9
c2/prq/gt_72                         143.2980      0.0     143.2980      0.0000  0.0000  poolReluQuan28_7_DW_cmp_8
c2/prq/gt_83                         171.0000      0.0     171.0000      0.0000  0.0000  poolReluQuan28_7_DW_cmp_27
c2/prq/gt_84                         166.2120      0.0     166.2120      0.0000  0.0000  poolReluQuan28_7_DW_cmp_26
c2/prq/gt_85                         166.8960      0.0     166.8960      0.0000  0.0000  poolReluQuan28_7_DW_cmp_25
c2/prq/gt_86                         170.6580      0.0     170.6580      0.0000  0.0000  poolReluQuan28_7_DW_cmp_24
c2/prq/gt_87                         169.9740      0.0     169.9740      0.0000  0.0000  poolReluQuan28_7_DW_cmp_32
c2/prq/gt_88                         143.2980      0.0     143.2980      0.0000  0.0000  poolReluQuan28_7_DW_cmp_2
c2/prq/gt_89                         143.2980      0.0     143.2980      0.0000  0.0000  poolReluQuan28_7_DW_cmp_1
c2/prq/gt_90                         143.2980      0.0     143.2980      0.0000  0.0000  poolReluQuan28_7_DW_cmp_0
c2/prq/mult_122                     5683.6981      0.9    5683.6981      0.0000  0.0000  poolReluQuan28_7_DW_mult_tc_8
c2/prq/mult_123                     5641.6321      0.9    5641.6321      0.0000  0.0000  poolReluQuan28_7_DW_mult_tc_9
c2/prq/mult_124                     5637.5281      0.9    5637.5281      0.0000  0.0000  poolReluQuan28_7_DW_mult_tc_10
c2/prq/mult_125                     5698.4041      0.9    5698.4041      0.0000  0.0000  poolReluQuan28_7_DW_mult_tc_11
c2/prq/mult_126                     5671.7281      0.9    5671.7281      0.0000  0.0000  poolReluQuan28_7_DW_mult_tc_12
c2/prq/mult_127                     4619.3941      0.7    4619.3941      0.0000  0.0000  poolReluQuan28_7_DW_mult_tc_7_DW_mult_tc_182
c2/prq/mult_128                     4618.7101      0.7    4618.7101      0.0000  0.0000  poolReluQuan28_7_DW_mult_tc_6_DW_mult_tc_181
c2/prq/mult_129                     4610.1601      0.7    4610.1601      0.0000  0.0000  poolReluQuan28_7_DW_mult_tc_5_DW_mult_tc_180
c2/r87969                             47.1960      0.0      47.1960      0.0000  0.0000  conv2_DW_mult_uns_3_DW_mult_uns_8
c3                                 11700.8463      1.9     984.9600    582.0840  0.0000  conv3
c3/add_0_root_r545                    66.6900      0.0      66.6900      0.0000  0.0000  conv3_DW01_add_6_DW01_add_223
c3/add_0_root_r547                    66.6900      0.0      66.6900      0.0000  0.0000  conv3_DW01_add_8_DW01_add_225
c3/add_233                           263.6820      0.0     263.6820      0.0000  0.0000  conv3_DW01_add_11
c3/add_99                             25.9920      0.0      25.9920      0.0000  0.0000  conv3_DW01_inc_0_DW01_inc_11
c3/inpro8                           4299.6241      0.7       1.0260      0.0000  0.0000  innerproduct8_3
c3/inpro8/add_0_root_add_41_7        141.2460      0.0     141.2460      0.0000  0.0000  innerproduct8_3_DW01_add_20
c3/inpro8/add_1_root_add_41_7        134.4060      0.0     134.4060      0.0000  0.0000  innerproduct8_3_DW01_add_19
c3/inpro8/add_2_root_add_41_7        134.4060      0.0     134.4060      0.0000  0.0000  innerproduct8_3_DW01_add_16
c3/inpro8/add_3_root_add_41_7        135.4320      0.0     135.4320      0.0000  0.0000  innerproduct8_3_DW01_add_18
c3/inpro8/add_4_root_add_41_7        135.4320      0.0     135.4320      0.0000  0.0000  innerproduct8_3_DW01_add_17
c3/inpro8/add_5_root_add_41_7        135.4320      0.0     135.4320      0.0000  0.0000  innerproduct8_3_DW01_add_15
c3/inpro8/add_6_root_add_41_7        125.8560      0.0     125.8560      0.0000  0.0000  innerproduct8_3_DW01_add_14
c3/inpro8/mult_32                    418.2660      0.1     418.2660      0.0000  0.0000  innerproduct8_3_DW_mult_tc_8
c3/inpro8/mult_33                    418.2660      0.1     418.2660      0.0000  0.0000  innerproduct8_3_DW_mult_tc_9
c3/inpro8/mult_34                    418.2660      0.1     418.2660      0.0000  0.0000  innerproduct8_3_DW_mult_tc_10
c3/inpro8/mult_35                    421.6860      0.1     421.6860      0.0000  0.0000  innerproduct8_3_DW_mult_tc_11
c3/inpro8/mult_36                    419.9760      0.1     419.9760      0.0000  0.0000  innerproduct8_3_DW_mult_tc_12
c3/inpro8/mult_37                    418.2660      0.1     418.2660      0.0000  0.0000  innerproduct8_3_DW_mult_tc_13
c3/inpro8/mult_38                    419.9760      0.1     419.9760      0.0000  0.0000  innerproduct8_3_DW_mult_tc_14
c3/inpro8/mult_39                    421.6860      0.1     421.6860      0.0000  0.0000  innerproduct8_3_DW_mult_tc_15
c3/rq                               5411.1241      0.9      93.3660      0.0000  0.0000  reluQuan1
c3/rq/mult_10                       5317.7581      0.9    5317.7581      0.0000  0.0000  reluQuan1_DW_mult_tc_1
f6                                120113.8227     19.3   49246.6331  21915.0185  0.0000  fc6
f6/add_0_root_r666                    74.5560      0.0      74.5560      0.0000  0.0000  fc6_DW01_add_9_DW01_add_219
f6/add_0_root_r668                    74.5560      0.0      74.5560      0.0000  0.0000  fc6_DW01_add_11_DW01_add_221
f6/add_142                            56.0880      0.0      56.0880      0.0000  0.0000  fc6_DW01_inc_1_DW01_inc_10
f6/add_186                            56.0880      0.0      56.0880      0.0000  0.0000  fc6_DW01_inc_0_DW01_inc_9
f6/add_258_aco                       250.6860      0.0     250.6860      0.0000  0.0000  fc6_DW01_add_14
f6/inpro8                           4362.5521      0.7       1.0260      0.0000  0.0000  innerproduct8_1
f6/inpro8/add_0_root_add_41_7        145.3500      0.0     145.3500      0.0000  0.0000  innerproduct8_1_DW01_add_20
f6/inpro8/add_1_root_add_41_7        136.4580      0.0     136.4580      0.0000  0.0000  innerproduct8_1_DW01_add_19
f6/inpro8/add_2_root_add_41_7        140.2200      0.0     140.2200      0.0000  0.0000  innerproduct8_1_DW01_add_16
f6/inpro8/add_3_root_add_41_7        143.2980      0.0     143.2980      0.0000  0.0000  innerproduct8_1_DW01_add_18
f6/inpro8/add_4_root_add_41_7        140.9040      0.0     140.9040      0.0000  0.0000  innerproduct8_1_DW01_add_17
f6/inpro8/add_5_root_add_41_7        145.3500      0.0     145.3500      0.0000  0.0000  innerproduct8_1_DW01_add_15
f6/inpro8/add_6_root_add_41_7        142.2720      0.0     142.2720      0.0000  0.0000  innerproduct8_1_DW01_add_14
f6/inpro8/mult_32                    419.9760      0.1     419.9760      0.0000  0.0000  innerproduct8_1_DW_mult_tc_16
f6/inpro8/mult_33                    419.9760      0.1     419.9760      0.0000  0.0000  innerproduct8_1_DW_mult_tc_17
f6/inpro8/mult_34                    419.9760      0.1     419.9760      0.0000  0.0000  innerproduct8_1_DW_mult_tc_18
f6/inpro8/mult_35                    419.9760      0.1     419.9760      0.0000  0.0000  innerproduct8_1_DW_mult_tc_19
f6/inpro8/mult_36                    424.0800      0.1     424.0800      0.0000  0.0000  innerproduct8_1_DW_mult_tc_20
f6/inpro8/mult_37                    422.3700      0.1     422.3700      0.0000  0.0000  innerproduct8_1_DW_mult_tc_21
f6/inpro8/mult_38                    418.9500      0.1     418.9500      0.0000  0.0000  innerproduct8_1_DW_mult_tc_22
f6/inpro8/mult_39                    422.3700      0.1     422.3700      0.0000  0.0000  innerproduct8_1_DW_mult_tc_23
f6/mult_add_258_aco                   38.9880      0.0      38.9880      0.0000  0.0000  fc6_DW_mult_uns_3
f6/r664                               77.9760      0.0      77.9760      0.0000  0.0000  fc6_DW_mult_uns_0_DW_mult_uns_1
f6/reluq                           43960.6810      7.1     770.1840      0.0000  0.0000  relu_quan
f6/reluq/mult_622                   5376.2401      0.9    5376.2401      0.0000  0.0000  relu_quan_DW_mult_tc_8
f6/reluq/mult_623                   5395.0501      0.9    5395.0501      0.0000  0.0000  relu_quan_DW_mult_tc_9
f6/reluq/mult_624                   5403.9421      0.9    5403.9421      0.0000  0.0000  relu_quan_DW_mult_tc_10
f6/reluq/mult_625                   5407.3621      0.9    5407.3621      0.0000  0.0000  relu_quan_DW_mult_tc_11
f6/reluq/mult_626                   5395.0501      0.9    5395.0501      0.0000  0.0000  relu_quan_DW_mult_tc_12
f6/reluq/mult_627                   5405.9941      0.9    5405.9941      0.0000  0.0000  relu_quan_DW_mult_tc_13
f6/reluq/mult_628                   5404.6261      0.9    5404.6261      0.0000  0.0000  relu_quan_DW_mult_tc_14
f6/reluq/mult_629                   5402.2321      0.9    5402.2321      0.0000  0.0000  relu_quan_DW_mult_tc_15
f7                                 12118.7703      1.9    3328.0021   3373.8301  0.0000  fc7
f7/add_0_root_r692                    79.6860      0.0      79.6860      0.0000  0.0000  fc7_DW01_add_12_DW01_add_215
f7/add_0_root_r694                    79.6860      0.0      79.6860      0.0000  0.0000  fc7_DW01_add_14_DW01_add_217
f7/add_127                            56.0880      0.0      56.0880      0.0000  0.0000  fc7_DW01_inc_1_DW01_inc_8
f7/add_171                            56.0880      0.0      56.0880      0.0000  0.0000  fc7_DW01_inc_0_DW01_inc_7
f7/add_243_aco                       267.1020      0.0     267.1020      0.0000  0.0000  fc7_DW01_add_17
f7/inpro8                           4354.6861      0.7       1.0260      0.0000  0.0000  innerproduct8_0
f7/inpro8/add_0_root_add_41_7        159.3720      0.0     159.3720      0.0000  0.0000  innerproduct8_0_DW01_add_20
f7/inpro8/add_1_root_add_41_7        147.7440      0.0     147.7440      0.0000  0.0000  innerproduct8_0_DW01_add_19
f7/inpro8/add_2_root_add_41_7        122.7780      0.0     122.7780      0.0000  0.0000  innerproduct8_0_DW01_add_16
f7/inpro8/add_3_root_add_41_7        146.0340      0.0     146.0340      0.0000  0.0000  innerproduct8_0_DW01_add_18
f7/inpro8/add_4_root_add_41_7        140.5620      0.0     140.5620      0.0000  0.0000  innerproduct8_0_DW01_add_17
f7/inpro8/add_5_root_add_41_7        149.4540      0.0     149.4540      0.0000  0.0000  innerproduct8_0_DW01_add_15
f7/inpro8/add_6_root_add_41_7        132.6960      0.0     132.6960      0.0000  0.0000  innerproduct8_0_DW01_add_14
f7/inpro8/mult_32                    417.2400      0.1     417.2400      0.0000  0.0000  innerproduct8_0_DW_mult_tc_16
f7/inpro8/mult_33                    417.2400      0.1     417.2400      0.0000  0.0000  innerproduct8_0_DW_mult_tc_17
f7/inpro8/mult_34                    418.9500      0.1     418.9500      0.0000  0.0000  innerproduct8_0_DW_mult_tc_18
f7/inpro8/mult_35                    420.6600      0.1     420.6600      0.0000  0.0000  innerproduct8_0_DW_mult_tc_19
f7/inpro8/mult_36                    420.6600      0.1     420.6600      0.0000  0.0000  innerproduct8_0_DW_mult_tc_20
f7/inpro8/mult_37                    418.9500      0.1     418.9500      0.0000  0.0000  innerproduct8_0_DW_mult_tc_21
f7/inpro8/mult_38                    420.6600      0.1     420.6600      0.0000  0.0000  innerproduct8_0_DW_mult_tc_22
f7/inpro8/mult_39                    420.6600      0.1     420.6600      0.0000  0.0000  innerproduct8_0_DW_mult_tc_23
f7/mult_add_243_aco                   38.9880      0.0      38.9880      0.0000  0.0000  fc7_DW_mult_uns_3
f7/r690                              130.6440      0.0     130.6440      0.0000  0.0000  fc7_DW_mult_uns_0
f7/reluq                             353.9700      0.1       1.0260      0.0000  0.0000  relu_quan_bias32
f7/reluq/add_24                      176.1300      0.0     176.1300      0.0000  0.0000  relu_quan_bias32_DW01_add_1_DW01_add_25
f7/reluq/add_25                      176.8140      0.0     176.8140      0.0000  0.0000  relu_quan_bias32_DW01_add_0_DW01_add_24
--------------------------------  -----------  -------  -----------  ----------  ------  --------------------------------------------
Total                                                   560604.3605  61403.3654  0.0000

1
